[2023-11-27 10:28:40.912700] Bootstrap log:
Identified Python 3.10.12 at /usr/bin/python3.10
[Bootstrap] Identified pip 22.0.2 from /usr/lib/python3/dist-packages/pip (python 3.10)' at /usr/bin/python3.10 -m pip
[Bootstrap] Identified 'pipenv, version 2023.5.19' at /usr/bin/python3.10 -m pipenv
[Bootstrap] Running '/usr/bin/python3.10 -m pipenv install --python 3.10' to ensure the existence of a virtual environment.
[Bootstrap] This may take a moment.
Installing dependencies from Pipfile.lock (df9bb1)...
To activate this project's virtualenv, run pipenv shell.
Alternatively, run a command inside the virtualenv with pipenv run.
[Bootstrap] Running the script in a virtual environment.
/usr/bin/python3.10 -m pipenv run python3 ./main.py

[2023-11-27 10:28:40.912760] === Welcome ===
[2023-11-27 10:28:40.999191] Please review the currently saved information about your team:
[2023-11-27 10:28:40.999318]  1 - First name: Linda Septira; Last name: Andryani; Matriculation number: 5345375
[2023-11-27 10:28:40.999341]  2 - First name: Yohanes Ranandika; Last name: Kirana; Matriculation number: 5310931
[2023-11-27 10:28:46.221997] 
[2023-11-27 10:28:48.253103] 
[2023-11-27 10:28:48.253173] === Submitting ===
[2023-11-27 10:28:49.499815] 
[2023-11-27 10:28:49.500486] 
[2023-11-27 10:28:49.500540] Selected variant 'Java SPL Compiler' for assignment 'Aufgabe-1'.
[2023-11-27 10:28:49.571118] === Building submission ===
[2023-11-27 10:28:49.571176] Running 'mvn clean compile'.
[2023-11-27 10:28:49.571199] === Building submission finished ===
[2023-11-27 10:28:53.627198] Building your solution failed!
[2023-11-27 10:29:11.919791] Aborting submission.
[2023-11-27 10:29:11.931037] 
