[2024-02-14 02:27:12.495234] Bootstrap log:
Identified Python 3.10.12 at /usr/bin/python3.10
[Bootstrap] Identified pip 22.0.2 from /usr/lib/python3/dist-packages/pip (python 3.10)' at /usr/bin/python3.10 -m pip
[Bootstrap] Identified 'pipenv, version 2023.4.29' at /usr/bin/python3.10 -m pipenv
[Bootstrap] Running '/usr/bin/python3.10 -m pipenv install --python 3.10' to ensure the existence of a virtual environment.
[Bootstrap] This may take a moment.
Installing dependencies from Pipfile.lock (df9bb1)...
To activate this project's virtualenv, run pipenv shell.
Alternatively, run a command inside the virtualenv with pipenv run.
[Bootstrap] Running the script in a virtual environment.
/usr/bin/python3.10 -m pipenv run python3 ./main.py

[2024-02-14 02:27:12.495258] === Welcome ===
[2024-02-14 02:27:12.580968] Please review the currently saved information about your team:
[2024-02-14 02:27:12.581078]  1 - First name: Linda Septira; Last name: Andryani; Matriculation number: 5345375
[2024-02-14 02:27:12.581099]  2 - First name: Yohanes Ranandika; Last name: Kirana; Matriculation number: 5310931
[2024-02-14 02:27:14.453140] 
[2024-02-14 02:27:15.797794] 
[2024-02-14 02:27:15.797904] === Submitting ===
[2024-02-14 02:27:17.532479] 
[2024-02-14 02:27:17.533181] 
[2024-02-14 02:27:17.533243] Selected variant 'Java SPL Compiler' for assignment 'Aufgabe-2'.
[2024-02-14 02:27:17.608669] === Building submission ===
[2024-02-14 02:27:17.608751] Running 'mvn clean compile'.
[2024-02-14 02:27:17.608784] === Building submission finished ===
[2024-02-14 02:27:19.115526] Building your solution failed!
[2024-02-14 02:27:21.197887] === BEGIN Build Log ===
[2024-02-14 02:27:21.197993] [[1;34mINFO[m] Scanning for projects...
[[1;34mINFO[m] 
[[1;34mINFO[m] [1m--------------< [0;36mde.thm.mni.compilerbau.spl-reference:spl[0;1m >--------------[m
[[1;34mINFO[m] [1mBuilding spl 0.1[m
[[1;34mINFO[m] [1m--------------------------------[ jar ]---------------------------------[m
[[1;34mINFO[m] 
[[1;34mINFO[m] [1m--- [0;32mmaven-clean-plugin:2.5:clean[m [1m(default-clean)[m @ [36mspl[0;1m ---[m
[[1;34mINFO[m] Deleting /tmp/tmphgnoqdr0/java/target
[[1;34mINFO[m] 
[[1;34mINFO[m] [1m--- [0;32mjflex-maven-plugin:1.7.0:generate[m [1m(default)[m @ [36mspl[0;1m ---[m
[[1;34mINFO[m]   generated /tmp/tmphgnoqdr0/java/target/generated-sources/jflex/de/thm/mni/compilerbau/phases/_01_scanner/Scanner.java
[[1;34mINFO[m] 
[[1;34mINFO[m] [1m--- [0;32mcup-maven-plugin:11b-20160615:generate[m [1m(default)[m @ [36mspl[0;1m ---[m
Warning : Non terminal "EmptyStmt" was declared but never used
Warning : *** Shift/Reduce conflict found in state #94
  between IfStmt ::= IF LPAREN Expr RPAREN Statement (*) 
  and     IfStmt ::= IF LPAREN Expr RPAREN Statement (*) ELSE Statement 
  under symbol ELSE
  Resolved in favor of shifting.

[[1;34mINFO[m]   generated /tmp/tmphgnoqdr0/java/target/generated-sources/cup/de/thm/mni/compilerbau/phases/_02_03_parser/Parser.java
[[1;34mINFO[m]   generated /tmp/tmphgnoqdr0/java/target/generated-sources/cup/de/thm/mni/compilerbau/phases/_02_03_parser/Sym.java
[[1;34mINFO[m] 
[[1;34mINFO[m] [1m--- [0;32mmaven-resources-plugin:2.6:resources[m [1m(default-resources)[m @ [36mspl[0;1m ---[m
[[1;34mINFO[m] Using 'UTF-8' encoding to copy filtered resources.
[[1;34mINFO[m] skip non existing resourceDirectory /tmp/tmphgnoqdr0/java/src/main/resources
[[1;34mINFO[m] 
[[1;34mINFO[m] [1m--- [0;32mmaven-compiler-plugin:3.10.1:compile[m [1m(default-compile)[m @ [36mspl[0;1m ---[m
[[1;34mINFO[m] Changes detected - recompiling the module!
[[1;34mINFO[m] Compiling 57 source files to /tmp/tmphgnoqdr0/java/target/classes
[[1;34mINFO[m] [1m------------------------------------------------------------------------[m
[[1;34mINFO[m] [1;31mBUILD FAILURE[m
[[1;34mINFO[m] [1m------------------------------------------------------------------------[m
[[1;34mINFO[m] Total time:  0.618 s
[[1;34mINFO[m] Finished at: 2024-02-14T02:27:19+01:00
[[1;34mINFO[m] [1m------------------------------------------------------------------------[m
[[1;31mERROR[m] Failed to execute goal [32morg.apache.maven.plugins:maven-compiler-plugin:3.10.1:compile[m [1m(default-compile)[m on project [36mspl[m: [1;31mFatal error compiling[m: error: invalid target release: 21 -> [1m[Help 1][m
[[1;31mERROR[m] 
[[1;31mERROR[m] To see the full stack trace of the errors, re-run Maven with the [1m-e[m switch.
[[1;31mERROR[m] Re-run Maven using the [1m-X[m switch to enable full debug logging.
[[1;31mERROR[m] 
[[1;31mERROR[m] For more information about the errors and possible solutions, please read the following articles:
[[1;31mERROR[m] [1m[Help 1][m http://cwiki.apache.org/confluence/display/MAVEN/MojoExecutionException

[2024-02-14 02:27:21.198070] === END Build Log ===
[2024-02-14 02:27:22.201348] === Cleaning directory for submission ===
[2024-02-14 02:27:22.215518] === Cleaning directory finished ===
[2024-02-14 02:27:22.308031] === Starting Upload ===
[2024-02-14 02:27:22.669147] === Upload finished ===
[2024-02-14 02:27:22.669206] === BEGIN Upload Log
[2024-02-14 02:27:22.669232] [2024-02-14 02:27:24.581196] Received submission d55ca1b6-2ef7-4b51-885c-2b8c7eabec2d
[2024-02-14 02:27:24.581673] Ip: 10.196.116.88
[2024-02-14 02:27:24.581863] Team members: [('Andryani', 'Linda Septira', '5345375'), ('Kirana', 'Yohanes Ranandika', '5310931')]
[2024-02-14 02:27:24.759604] Your submission was ACCEPTED for course 'Compilerbau-ws23', assignment 'Aufgabe-2'.
[2024-02-14 02:27:24.759956] Your submission has the id d55ca1b6-2ef7-4b51-885c-2b8c7eabec2d.
[2024-02-14 02:27:24.760441] It will be evaluated shortly. Please check back soon for your results.

[2024-02-14 02:27:22.669257] === END Upload Log
[2024-02-14 02:27:22.669276] Successfully submitted your solution. Please see the upload log above for more details.
[2024-02-14 02:27:22.670344] Polling for results (Press CTRL + C to abort).
[2024-02-14 02:27:22.758173] .
[2024-02-14 02:27:23.849889] .
[2024-02-14 02:27:24.942878] .
[2024-02-14 02:27:26.035697] .
[2024-02-14 02:27:27.126621] .
[2024-02-14 02:27:28.216990] .
[2024-02-14 02:27:29.306927] .
[2024-02-14 02:27:30.401622] .
[2024-02-14 02:27:31.493152] .
[2024-02-14 02:27:32.585847] .
[2024-02-14 02:27:33.673323] .
[2024-02-14 02:27:34.763082] .
[2024-02-14 02:27:35.852902] .
[2024-02-14 02:27:36.940884] .
[2024-02-14 02:27:38.030741] .
[2024-02-14 02:27:39.119434] .
[2024-02-14 02:27:40.209949] .
[2024-02-14 02:27:41.302767] .
[2024-02-14 02:27:42.395705] .
[2024-02-14 02:27:43.485807] .
[2024-02-14 02:27:44.583671] .
[2024-02-14 02:27:45.674606] .
[2024-02-14 02:27:46.764046] .
[2024-02-14 02:27:47.849430] .
[2024-02-14 02:27:48.939830] .
[2024-02-14 02:27:50.029652] .
[2024-02-14 02:27:51.120230] .
[2024-02-14 02:27:52.212161] .
[2024-02-14 02:27:53.217972] The server can not be reached. You may need to be logged in to the VPN.
[2024-02-14 02:27:53.218088] Aborting.
