[2023-11-27 11:04:45.612676] Bootstrap log:
Identified Python 3.10.12 at /usr/bin/python3.10
[Bootstrap] Identified pip 22.0.2 from /usr/lib/python3/dist-packages/pip (python 3.10)' at /usr/bin/python3.10 -m pip
[Bootstrap] Identified 'pipenv, version 2023.5.19' at /usr/bin/python3.10 -m pipenv
[Bootstrap] Running '/usr/bin/python3.10 -m pipenv install --python 3.10' to ensure the existence of a virtual environment.
[Bootstrap] This may take a moment.
Installing dependencies from Pipfile.lock (df9bb1)...
To activate this project's virtualenv, run pipenv shell.
Alternatively, run a command inside the virtualenv with pipenv run.
[Bootstrap] Running the script in a virtual environment.
/usr/bin/python3.10 -m pipenv run python3 ./main.py

[2023-11-27 11:04:45.612743] === Welcome ===
[2023-11-27 11:04:45.698583] Please review the currently saved information about your team:
[2023-11-27 11:04:45.698725]  1 - First name: Linda Septira; Last name: Andryani; Matriculation number: 5345375
[2023-11-27 11:04:45.698754]  2 - First name: Yohanes Ranandika; Last name: Kirana; Matriculation number: 5310931
[2023-11-27 11:04:49.494696] 
[2023-11-27 11:04:51.232643] 
[2023-11-27 11:04:51.232755] === Submitting ===
[2023-11-27 11:04:52.008427] 
[2023-11-27 11:04:52.008936] 
[2023-11-27 11:04:52.008983] Selected variant 'Java SPL Compiler' for assignment 'Aufgabe-1'.
[2023-11-27 11:04:52.067115] === Building submission ===
[2023-11-27 11:04:52.067183] Running 'mvn clean compile'.
[2023-11-27 11:04:52.067213] === Building submission finished ===
[2023-11-27 11:04:59.258508] === Cleaning directory for submission ===
[2023-11-27 11:04:59.289975] === Cleaning directory finished ===
[2023-11-27 11:04:59.326793] === Starting Upload ===
[2023-11-27 11:04:59.487288] === Upload finished ===
[2023-11-27 11:04:59.487350] === BEGIN Upload Log
[2023-11-27 11:04:59.487384] [2023-11-27 11:04:59.543148] Received submission e2ba066f-4544-40df-bfa1-f7787703c0f9
[2023-11-27 11:04:59.543585] Ip: 10.196.108.169
[2023-11-27 11:04:59.543668] Team members: [('Andryani', 'Linda Septira', '5345375'), ('Kirana', 'Yohanes Ranandika', '5310931')]
[2023-11-27 11:04:59.563895] Your submission was ACCEPTED for course 'Compilerbau-ss23', assignment 'Aufgabe-1'.
[2023-11-27 11:04:59.563991] Your submission has the id e2ba066f-4544-40df-bfa1-f7787703c0f9.
[2023-11-27 11:04:59.564548] It will be evaluated shortly. Please check back soon for your results.

[2023-11-27 11:04:59.487415] === END Upload Log
[2023-11-27 11:04:59.487443] Successfully submitted your solution. Please see the upload log above for more details.
[2023-11-27 11:04:59.518435] Polling for results (Press CTRL + C to abort).
[2023-11-27 11:04:59.605770] .
[2023-11-27 11:05:00.700425] .
[2023-11-27 11:05:01.787837] .
[2023-11-27 11:05:02.872834] .
[2023-11-27 11:05:03.966265] .
[2023-11-27 11:05:05.053793] .
[2023-11-27 11:05:06.142959] .
[2023-11-27 11:05:07.229750] .
[2023-11-27 11:05:08.317787] .
[2023-11-27 11:05:09.405255] .
[2023-11-27 11:05:10.507657] .
[2023-11-27 11:05:11.593253] .
[2023-11-27 11:05:12.680533] .
[2023-11-27 11:05:13.767879] .
[2023-11-27 11:05:14.855375] .
[2023-11-27 11:05:15.943213] .
[2023-11-27 11:05:17.029596] .
[2023-11-27 11:05:18.118897] .
[2023-11-27 11:05:19.209956] .
[2023-11-27 11:05:20.302849] .
[2023-11-27 11:05:21.388881] .
[2023-11-27 11:05:22.475085] .
[2023-11-27 11:05:23.562622] .
[2023-11-27 11:05:24.650632] .
[2023-11-27 11:05:25.737540] .
[2023-11-27 11:05:26.823708] .
[2023-11-27 11:05:27.826335] The server can not be reached. You may need to be logged in to the VPN.
[2023-11-27 11:05:27.826395] Aborting.
