[2024-02-14 12:04:47.432974] Bootstrap log:
Identified Python 3.10.12 at /usr/bin/python3.10
[Bootstrap] Identified pip 22.0.2 from /usr/lib/python3/dist-packages/pip (python 3.10)' at /usr/bin/python3.10 -m pip
[Bootstrap] Identified 'pipenv, version 2023.4.29' at /usr/bin/python3.10 -m pipenv
[Bootstrap] Running '/usr/bin/python3.10 -m pipenv install --python 3.10' to ensure the existence of a virtual environment.
[Bootstrap] This may take a moment.
Installing dependencies from Pipfile.lock (df9bb1)...
To activate this project's virtualenv, run pipenv shell.
Alternatively, run a command inside the virtualenv with pipenv run.
[Bootstrap] Running the script in a virtual environment.
/usr/bin/python3.10 -m pipenv run python3 ./main.py

[2024-02-14 12:04:47.433006] === Welcome ===
[2024-02-14 12:04:47.521664] Please review the currently saved information about your team:
[2024-02-14 12:04:47.521784]  1 - First name: Linda Septira; Last name: Andryani; Matriculation number: 5345375
[2024-02-14 12:04:47.521795]  2 - First name: Yohanes Ranandika; Last name: Kirana; Matriculation number: 5310931
[2024-02-14 12:04:49.456242] 
[2024-02-14 12:04:51.455220] 
[2024-02-14 12:04:51.455256] === Submitting ===
[2024-02-14 12:04:52.451052] 
[2024-02-14 12:04:52.451259] 
[2024-02-14 12:04:52.451273] Selected variant 'Java SPL Compiler' for assignment 'Aufgabe-2'.
[2024-02-14 12:04:52.533361] === Building submission ===
[2024-02-14 12:04:52.533444] Running 'mvn clean compile'.
[2024-02-14 12:04:52.533479] === Building submission finished ===
[2024-02-14 12:04:55.120830] Building your solution failed!
[2024-02-14 12:04:56.811924] === BEGIN Build Log ===
[2024-02-14 12:04:56.812029] [[1;34mINFO[m] Scanning for projects...
[[1;34mINFO[m] 
[[1;34mINFO[m] [1m--------------< [0;36mde.thm.mni.compilerbau.spl-reference:spl[0;1m >--------------[m
[[1;34mINFO[m] [1mBuilding spl 0.1[m
[[1;34mINFO[m] [1m--------------------------------[ jar ]---------------------------------[m
[[1;34mINFO[m] 
[[1;34mINFO[m] [1m--- [0;32mmaven-clean-plugin:2.5:clean[m [1m(default-clean)[m @ [36mspl[0;1m ---[m
[[1;34mINFO[m] Deleting /tmp/tmpbilmp9_e/java/target
[[1;34mINFO[m] 
[[1;34mINFO[m] [1m--- [0;32mjflex-maven-plugin:1.7.0:generate[m [1m(default)[m @ [36mspl[0;1m ---[m
[[1;34mINFO[m]   generated /tmp/tmpbilmp9_e/java/target/generated-sources/jflex/de/thm/mni/compilerbau/phases/_01_scanner/Scanner.java
[[1;34mINFO[m] 
[[1;34mINFO[m] [1m--- [0;32mcup-maven-plugin:11b-20160615:generate[m [1m(default)[m @ [36mspl[0;1m ---[m
Warning : Non terminal "EmptyStmt" was declared but never used
Warning : *** Shift/Reduce conflict found in state #94
  between IfStmt ::= IF LPAREN Expr RPAREN Statement (*) 
  and     IfStmt ::= IF LPAREN Expr RPAREN Statement (*) ELSE Statement 
  under symbol ELSE
  Resolved in favor of shifting.

[[1;34mINFO[m]   generated /tmp/tmpbilmp9_e/java/target/generated-sources/cup/de/thm/mni/compilerbau/phases/_02_03_parser/Parser.java
[[1;34mINFO[m]   generated /tmp/tmpbilmp9_e/java/target/generated-sources/cup/de/thm/mni/compilerbau/phases/_02_03_parser/Sym.java
[[1;34mINFO[m] 
[[1;34mINFO[m] [1m--- [0;32mmaven-resources-plugin:2.6:resources[m [1m(default-resources)[m @ [36mspl[0;1m ---[m
[[1;34mINFO[m] Using 'UTF-8' encoding to copy filtered resources.
[[1;34mINFO[m] skip non existing resourceDirectory /tmp/tmpbilmp9_e/java/src/main/resources
[[1;34mINFO[m] 
[[1;34mINFO[m] [1m--- [0;32mmaven-compiler-plugin:3.10.1:compile[m [1m(default-compile)[m @ [36mspl[0;1m ---[m
[[1;34mINFO[m] Changes detected - recompiling the module!
[[1;34mINFO[m] Compiling 57 source files to /tmp/tmpbilmp9_e/java/target/classes
[[1;34mINFO[m] [1m------------------------------------------------------------------------[m
[[1;34mINFO[m] [1;31mBUILD FAILURE[m
[[1;34mINFO[m] [1m------------------------------------------------------------------------[m
[[1;34mINFO[m] Total time:  1.111 s
[[1;34mINFO[m] Finished at: 2024-02-14T12:04:55+01:00
[[1;34mINFO[m] [1m------------------------------------------------------------------------[m
[[1;31mERROR[m] Failed to execute goal [32morg.apache.maven.plugins:maven-compiler-plugin:3.10.1:compile[m [1m(default-compile)[m on project [36mspl[m: [1;31mFatal error compiling[m: error: invalid target release: 21 -> [1m[Help 1][m
[[1;31mERROR[m] 
[[1;31mERROR[m] To see the full stack trace of the errors, re-run Maven with the [1m-e[m switch.
[[1;31mERROR[m] Re-run Maven using the [1m-X[m switch to enable full debug logging.
[[1;31mERROR[m] 
[[1;31mERROR[m] For more information about the errors and possible solutions, please read the following articles:
[[1;31mERROR[m] [1m[Help 1][m http://cwiki.apache.org/confluence/display/MAVEN/MojoExecutionException

[2024-02-14 12:04:56.812110] === END Build Log ===
[2024-02-14 12:04:57.601358] === Cleaning directory for submission ===
[2024-02-14 12:04:57.615818] === Cleaning directory finished ===
[2024-02-14 12:04:57.709898] === Starting Upload ===
[2024-02-14 12:04:58.154500] === Upload finished ===
[2024-02-14 12:04:58.154568] === BEGIN Upload Log
[2024-02-14 12:04:58.154603] [2024-02-14 12:04:59.731769] Received submission 75a6de02-5772-4571-bd5d-9d85bfbd6a82
[2024-02-14 12:04:59.732245] Ip: 10.196.117.75
[2024-02-14 12:04:59.732535] Team members: [('Andryani', 'Linda Septira', '5345375'), ('Kirana', 'Yohanes Ranandika', '5310931')]
[2024-02-14 12:04:59.962116] Your submission was ACCEPTED for course 'Compilerbau-ws23', assignment 'Aufgabe-2'.
[2024-02-14 12:04:59.962491] Your submission has the id 75a6de02-5772-4571-bd5d-9d85bfbd6a82.
[2024-02-14 12:04:59.962991] It will be evaluated shortly. Please check back soon for your results.

[2024-02-14 12:04:58.154634] === END Upload Log
[2024-02-14 12:04:58.154658] Successfully submitted your solution. Please see the upload log above for more details.
[2024-02-14 12:04:58.156000] Polling for results (Press CTRL + C to abort).
[2024-02-14 12:04:58.244217] .
[2024-02-14 12:04:59.334789] .
[2024-02-14 12:05:00.426003] .
[2024-02-14 12:05:01.515817] .
[2024-02-14 12:05:02.611100] .
[2024-02-14 12:05:03.700297] .
[2024-02-14 12:05:04.785627] .
[2024-02-14 12:05:05.873363] .
[2024-02-14 12:05:06.960113] .
[2024-02-14 12:05:08.044767] .
[2024-02-14 12:05:09.130721] .
[2024-02-14 12:05:10.213738] .
[2024-02-14 12:05:11.661195] .
[2024-02-14 12:05:12.752828] .
[2024-02-14 12:05:13.845415] .
[2024-02-14 12:05:14.945767] .
[2024-02-14 12:05:16.036224] .
[2024-02-14 12:05:17.127036] .
[2024-02-14 12:05:18.218580] .
[2024-02-14 12:05:19.314581] .
[2024-02-14 12:05:20.404826] .
[2024-02-14 12:05:21.496190] .
[2024-02-14 12:05:22.584128] .
[2024-02-14 12:05:23.675541] .
[2024-02-14 12:05:24.762900] .
[2024-02-14 12:05:25.851704] .
[2024-02-14 12:05:46.871140] The server can not be reached. You may need to be logged in to the VPN.
[2024-02-14 12:05:46.871241] Aborting.
