[2024-02-13 05:33:00.701825] Bootstrap log:
Identified Python 3.10.12 at /usr/bin/python3.10
[Bootstrap] Identified pip 22.0.2 from /usr/lib/python3/dist-packages/pip (python 3.10)' at /usr/bin/python3.10 -m pip
[Bootstrap] Identified 'pipenv, version 2023.4.29' at /usr/bin/python3.10 -m pipenv
[Bootstrap] Running '/usr/bin/python3.10 -m pipenv install --python 3.10' to ensure the existence of a virtual environment.
[Bootstrap] This may take a moment.
Installing dependencies from Pipfile.lock (df9bb1)...
To activate this project's virtualenv, run pipenv shell.
Alternatively, run a command inside the virtualenv with pipenv run.
[Bootstrap] Running the script in a virtual environment.
/usr/bin/python3.10 -m pipenv run python3 ./main.py

[2024-02-13 05:33:00.701892] === Welcome ===
[2024-02-13 05:33:00.785851] Please review the currently saved information about your team:
[2024-02-13 05:33:00.785964]  1 - First name: Linda Septira; Last name: Andryani; Matriculation number: 5345375
[2024-02-13 05:33:00.785974]  2 - First name: Yohanes Ranandika; Last name: Kirana; Matriculation number: 5310931
[2024-02-13 05:33:05.170516] 
[2024-02-13 05:33:06.651335] 
[2024-02-13 05:33:06.651451] === Submitting ===
[2024-02-13 05:33:09.747427] 
[2024-02-13 05:33:09.748157] 
[2024-02-13 05:33:09.748222] Selected variant 'Java SPL Compiler' for assignment 'Aufgabe-2'.
[2024-02-13 05:33:09.829327] === Building submission ===
[2024-02-13 05:33:09.829412] Running 'mvn clean compile'.
[2024-02-13 05:33:09.829446] === Building submission finished ===
[2024-02-13 05:33:11.556000] Building your solution failed!
[2024-02-13 05:33:14.362137] Sorry, again.
[2024-02-13 05:33:18.504522] === BEGIN Build Log ===
[2024-02-13 05:33:18.504635] [[1;34mINFO[m] Scanning for projects...
[[1;34mINFO[m] 
[[1;34mINFO[m] [1m--------------< [0;36mde.thm.mni.compilerbau.spl-reference:spl[0;1m >--------------[m
[[1;34mINFO[m] [1mBuilding spl 0.1[m
[[1;34mINFO[m] [1m--------------------------------[ jar ]---------------------------------[m
[[1;34mINFO[m] 
[[1;34mINFO[m] [1m--- [0;32mmaven-clean-plugin:2.5:clean[m [1m(default-clean)[m @ [36mspl[0;1m ---[m
[[1;34mINFO[m] Deleting /tmp/tmp8op7h_a4/java/target
[[1;34mINFO[m] 
[[1;34mINFO[m] [1m--- [0;32mjflex-maven-plugin:1.7.0:generate[m [1m(default)[m @ [36mspl[0;1m ---[m
[[1;34mINFO[m]   generated /tmp/tmp8op7h_a4/java/target/generated-sources/jflex/de/thm/mni/compilerbau/phases/_01_scanner/Scanner.java
[[1;34mINFO[m] 
[[1;34mINFO[m] [1m--- [0;32mcup-maven-plugin:11b-20160615:generate[m [1m(default)[m @ [36mspl[0;1m ---[m
Warning : Non terminal "EmptyStmt" was declared but never used
Warning : *** Shift/Reduce conflict found in state #94
  between IfStmt ::= IF LPAREN Expr RPAREN Statement (*) 
  and     IfStmt ::= IF LPAREN Expr RPAREN Statement (*) ELSE Statement 
  under symbol ELSE
  Resolved in favor of shifting.

[[1;34mINFO[m]   generated /tmp/tmp8op7h_a4/java/target/generated-sources/cup/de/thm/mni/compilerbau/phases/_02_03_parser/Parser.java
[[1;34mINFO[m]   generated /tmp/tmp8op7h_a4/java/target/generated-sources/cup/de/thm/mni/compilerbau/phases/_02_03_parser/Sym.java
[[1;34mINFO[m] 
[[1;34mINFO[m] [1m--- [0;32mmaven-resources-plugin:2.6:resources[m [1m(default-resources)[m @ [36mspl[0;1m ---[m
[[1;34mINFO[m] Using 'UTF-8' encoding to copy filtered resources.
[[1;34mINFO[m] skip non existing resourceDirectory /tmp/tmp8op7h_a4/java/src/main/resources
[[1;34mINFO[m] 
[[1;34mINFO[m] [1m--- [0;32mmaven-compiler-plugin:3.10.1:compile[m [1m(default-compile)[m @ [36mspl[0;1m ---[m
[[1;34mINFO[m] Changes detected - recompiling the module!
[[1;34mINFO[m] Compiling 57 source files to /tmp/tmp8op7h_a4/java/target/classes
[[1;34mINFO[m] [1m------------------------------------------------------------------------[m
[[1;34mINFO[m] [1;31mBUILD FAILURE[m
[[1;34mINFO[m] [1m------------------------------------------------------------------------[m
[[1;34mINFO[m] Total time:  0.681 s
[[1;34mINFO[m] Finished at: 2024-02-13T05:33:11+01:00
[[1;34mINFO[m] [1m------------------------------------------------------------------------[m
[[1;31mERROR[m] Failed to execute goal [32morg.apache.maven.plugins:maven-compiler-plugin:3.10.1:compile[m [1m(default-compile)[m on project [36mspl[m: [1;31mFatal error compiling[m: error: invalid target release: 21 -> [1m[Help 1][m
[[1;31mERROR[m] 
[[1;31mERROR[m] To see the full stack trace of the errors, re-run Maven with the [1m-e[m switch.
[[1;31mERROR[m] Re-run Maven using the [1m-X[m switch to enable full debug logging.
[[1;31mERROR[m] 
[[1;31mERROR[m] For more information about the errors and possible solutions, please read the following articles:
[[1;31mERROR[m] [1m[Help 1][m http://cwiki.apache.org/confluence/display/MAVEN/MojoExecutionException

[2024-02-13 05:33:18.504718] === END Build Log ===
[2024-02-13 05:33:30.205215] === Cleaning directory for submission ===
[2024-02-13 05:33:30.219496] === Cleaning directory finished ===
[2024-02-13 05:33:30.312218] === Starting Upload ===
[2024-02-13 05:33:30.758146] === Upload finished ===
[2024-02-13 05:33:30.758213] === BEGIN Upload Log
[2024-02-13 05:33:30.758247] [2024-02-13 05:33:32.984071] Received submission 7a56e6c5-82e6-4247-87e5-5ec48a7137a4
[2024-02-13 05:33:32.984848] Ip: 10.196.116.32
[2024-02-13 05:33:32.985964] Team members: [('Andryani', 'Linda Septira', '5345375'), ('Kirana', 'Yohanes Ranandika', '5310931')]
[2024-02-13 05:33:33.195572] Your submission was ACCEPTED for course 'Compilerbau-ss23', assignment 'Aufgabe-2'.
[2024-02-13 05:33:33.195920] Your submission has the id 7a56e6c5-82e6-4247-87e5-5ec48a7137a4.
[2024-02-13 05:33:33.196556] It will be evaluated shortly. Please check back soon for your results.

[2024-02-13 05:33:30.758277] === END Upload Log
[2024-02-13 05:33:30.758302] Successfully submitted your solution. Please see the upload log above for more details.
[2024-02-13 05:33:30.759708] Polling for results (Press CTRL + C to abort).
[2024-02-13 05:33:30.843158] .
[2024-02-13 05:33:31.928587] .
[2024-02-13 05:33:33.060744] .
[2024-02-13 05:33:34.145472] .
[2024-02-13 05:33:35.231920] .
[2024-02-13 05:33:36.318238] .
[2024-02-13 05:33:37.403603] .
[2024-02-13 05:33:38.487304] .
[2024-02-13 05:33:39.568015] .
[2024-02-13 05:33:40.570975] The server can not be reached. You may need to be logged in to the VPN.
[2024-02-13 05:33:40.571023] Aborting.
